e:\mrnd\c\summer\day6\filesystem\debug\vc120.pdb
e:\mrnd\c\summer\day6\filesystem\debug\vc120.idb
e:\mrnd\c\summer\day6\filesystem\debug\filesystem.obj
e:\mrnd\c\summer\day6\filesystem\debug\filesystemv2.obj
e:\mrnd\c\summer\day6\filesystem\debug\filesystemv3.obj
e:\mrnd\c\summer\day6\filesystem\debug\filesystemv4.obj
e:\mrnd\c\summer\day6\filesystem\debug\filesystem.ilk
e:\mrnd\c\summer\day6\filesystem\debug\filesystem.exe
e:\mrnd\c\summer\day6\filesystem\debug\filesystem.pdb
e:\projects\cpp\filesystem\debug\filesystem.obj
e:\projects\cpp\filesystem\debug\filesystemv2.obj
e:\projects\cpp\filesystem\debug\filesystemv3.obj
e:\projects\cpp\filesystem\debug\filesystemv4.obj
e:\projects\cpp\filesystem\debug\filesystem.ilk
e:\projects\cpp\filesystem\debug\vc120.idb
e:\projects\cpp\filesystem\debug\filesystem.pdb
e:\projects\cpp\filesystem\debug\vc120.pdb
e:\projects\cpp\filesystem\debug\filesystem.exe
e:\projects\cpp\filesystem\debug\filesystem.tlog\cl.command.1.tlog
e:\projects\cpp\filesystem\debug\filesystem.tlog\cl.read.1.tlog
e:\projects\cpp\filesystem\debug\filesystem.tlog\cl.write.1.tlog
e:\projects\cpp\filesystem\debug\filesystem.tlog\link.command.1.tlog
e:\projects\cpp\filesystem\debug\filesystem.tlog\link.read.1.tlog
e:\projects\cpp\filesystem\debug\filesystem.tlog\link.write.1.tlog
